<?xml version="1.0" encoding="utf-8"?><testsuites name="pytest tests"><testsuite name="pytest" errors="0" failures="0" skipped="0" tests="29" time="2.608" timestamp="2026-06-21T16:13:49.669528+00:00" hostname="agent-env-62d453a5-4048-498e-a36f-f3cac82cd9b9"><testcase classname="backend.tests.test_dineiq_backend.TestHealthAndRestaurants" name="test_root" time="0.124" /><testcase classname="backend.tests.test_dineiq_backend.TestHealthAndRestaurants" name="test_list_restaurants_seeded" time="0.047" /><testcase classname="backend.tests.test_dineiq_backend.TestHealthAndRestaurants" name="test_get_restaurant_detail" time="0.094" /><testcase classname="backend.tests.test_dineiq_backend.TestHealthAndRestaurants" name="test_get_restaurant_404" time="0.045" /><testcase classname="backend.tests.test_dineiq_backend.TestHealthAndRestaurants" name="test_get_menu" time="0.090" /><testcase classname="backend.tests.test_dineiq_backend.TestAuth" name="test_request_otp" time="0.045" /><testcase classname="backend.tests.test_dineiq_backend.TestAuth" name="test_verify_otp_bad_length" time="0.042" /><testcase classname="backend.tests.test_dineiq_backend.TestAuth" name="test_same_phone_different_role_creates_different_user" time="0.111" /><testcase classname="backend.tests.test_dineiq_backend.TestAuth" name="test_auth_me" time="0.132" /><testcase classname="backend.tests.test_dineiq_backend.TestAuth" name="test_auth_me_missing_header" time="0.042" /><testcase classname="backend.tests.test_dineiq_backend.TestCustomerQueue" name="test_join_queue" time="0.093" /><testcase classname="backend.tests.test_dineiq_backend.TestCustomerQueue" name="test_join_queue_is_idempotent" time="0.085" /><testcase classname="backend.tests.test_dineiq_backend.TestCustomerQueue" name="test_my_queue" time="0.047" /><testcase classname="backend.tests.test_dineiq_backend.TestCustomerQueue" name="test_get_queue_entry_with_live" time="0.043" /><testcase classname="backend.tests.test_dineiq_backend.TestCustomerQueue" name="test_join_queue_unknown_restaurant" time="0.051" /><testcase classname="backend.tests.test_dineiq_backend.TestNotifications" name="test_notifications_after_join" time="0.047" /><testcase classname="backend.tests.test_dineiq_backend.TestOrders" name="test_create_order" time="0.128" /><testcase classname="backend.tests.test_dineiq_backend.TestOrders" name="test_my_orders" time="0.045" /><testcase classname="backend.tests.test_dineiq_backend.TestOrders" name="test_order_confirmed_notification" time="0.042" /><testcase classname="backend.tests.test_dineiq_backend.TestHost" name="test_dashboard" time="0.175" /><testcase classname="backend.tests.test_dineiq_backend.TestHost" name="test_host_queue_list" time="0.049" /><testcase classname="backend.tests.test_dineiq_backend.TestHost" name="test_host_walk_in" time="0.047" /><testcase classname="backend.tests.test_dineiq_backend.TestHost" name="test_host_orders_lists_active" time="0.050" /><testcase classname="backend.tests.test_dineiq_backend.TestE2EFlow" name="test_host_notify_marks_table_ready" time="0.148" /><testcase classname="backend.tests.test_dineiq_backend.TestE2EFlow" name="test_customer_marks_self_seated" time="0.100" /><testcase classname="backend.tests.test_dineiq_backend.TestE2EFlow" name="test_host_marks_order_ready_to_serve" time="0.183" /><testcase classname="backend.tests.test_dineiq_backend.TestRoleAuthorization" name="test_customer_cannot_access_host_dashboard" time="0.043" /><testcase classname="backend.tests.test_dineiq_backend.TestRoleAuthorization" name="test_other_user_cannot_cancel" time="0.087" /><testcase classname="backend.tests.test_dineiq_backend.TestSerialization" name="test_no_objectid_in_responses" time="0.314" /></testsuite></testsuites>